	Exporter version: 3.0.6, Blender version: 2.72 (sub 0)
========= Conversion from Blender to Babylon.js =========
	Python World class constructor completed
	WARNING: No active camera has been assigned, or is not in a currently selected Blender layer
	processing begun of mesh:  Cube
		WARNING: No materials have been assigned: 
		num positions      :  28
		num normals        :  28
		num uvs            :  0
		num uvs2           :  0
		num colors         :  0
		num indices        :  156
	processing begun of mesh:  Cube.001
		WARNING: No materials have been assigned: 
		num positions      :  28
		num normals        :  28
		num uvs            :  0
		num uvs2           :  0
		num colors         :  0
		num indices        :  156
	processing begun of mesh:  Cube.002
		WARNING: No materials have been assigned: 
		num positions      :  28
		num normals        :  28
		num uvs            :  0
		num uvs2           :  0
		num colors         :  0
		num indices        :  156
	processing begun of mesh:  Cube.003
		WARNING: No materials have been assigned: 
		num positions      :  28
		num normals        :  28
		num uvs            :  0
		num uvs2           :  0
		num colors         :  0
		num indices        :  156
	processing begun of mesh:  Cube.004
		WARNING: No materials have been assigned: 
		num positions      :  28
		num normals        :  28
		num uvs            :  0
		num uvs2           :  0
		num colors         :  0
		num indices        :  156
	processing begun of mesh:  Cube.005
		WARNING: No materials have been assigned: 
		num positions      :  28
		num normals        :  28
		num uvs            :  0
		num uvs2           :  0
		num colors         :  0
		num indices        :  156
	processing begun of mesh:  Cube.006
		WARNING: No materials have been assigned: 
		num positions      :  28
		num normals        :  28
		num uvs            :  0
		num uvs2           :  0
		num colors         :  0
		num indices        :  156
	processing begun of mesh:  Cube.007
		WARNING: No materials have been assigned: 
		num positions      :  28
		num normals        :  28
		num uvs            :  0
		num uvs2           :  0
		num colors         :  0
		num indices        :  156
========= Writing of scene file started =========
========= Writing of scene file completed =========
========= end of processing =========
elapsed time:  0 min, 0.0257 secs
